\BOOKMARK [1][-]{section.1}{\376\377\166\364\155\101\165\065\215\357}{}% 1
\BOOKMARK [2][-]{subsection.1.1}{\376\377\127\372\147\054\151\202\137\365}{section.1}% 2
\BOOKMARK [3][-]{subsubsection.1.1.1}{\376\377\117\134\165\050\124\214\176\304\142\020}{subsection.1.1}% 3
\BOOKMARK [3][-]{subsubsection.1.1.2}{\376\377\127\372\147\054\162\151\164\006\221\317}{subsection.1.1}% 4
\BOOKMARK [3][-]{subsubsection.1.1.3}{\376\377\165\065\215\357\162\266\140\001}{subsection.1.1}% 5
\BOOKMARK [3][-]{subsubsection.1.1.4}{\376\377\123\302\200\003\145\271\124\021}{subsection.1.1}% 6
\BOOKMARK [3][-]{subsubsection.1.1.5}{\376\377\164\006\140\363\165\065\215\357\121\103\116\366}{subsection.1.1}% 7
\BOOKMARK [2][-]{subsection.1.2}{\376\377\127\372\134\024\227\015\131\053\133\232\137\213}{section.1}% 8
\BOOKMARK [3][-]{subsubsection.1.2.1}{\376\377\000K\000C\000L}{subsection.1.2}% 9
\BOOKMARK [3][-]{subsubsection.1.2.2}{\376\377\000K\000V\000L}{subsection.1.2}% 10
\BOOKMARK [2][-]{subsection.1.3}{\376\377\145\057\215\357\165\065\155\101\154\325}{section.1}% 11
\BOOKMARK [2][-]{subsection.1.4}{\376\377\123\340\122\240\133\232\164\006}{section.1}% 12
\BOOKMARK [2][-]{subsection.1.5}{\376\377\173\111\145\110\165\065\156\220\133\232\164\006}{section.1}% 13
\BOOKMARK [3][-]{subsubsection.1.5.1}{\376\377\142\064\176\364\133\201\133\232\164\006}{subsection.1.5}% 14
\BOOKMARK [3][-]{subsubsection.1.5.2}{\376\377\213\372\230\177\133\232\164\006}{subsection.1.5}% 15
\BOOKMARK [1][-]{section.2}{\376\377\116\244\155\101\165\065\215\357}{}% 16
\BOOKMARK [2][-]{subsection.2.1}{\376\377\153\143\137\046\116\244\155\101\165\065\215\357\166\204\127\372\147\054\151\202\137\365}{section.2}% 17
\BOOKMARK [2][-]{subsection.2.2}{\376\377\123\125\116\000\123\302\145\160\116\244\155\101\165\065\215\357}{section.2}% 18
\BOOKMARK [2][-]{subsection.2.3}{\376\377\116\062\200\124\124\214\136\166\200\124\116\244\155\101\165\065\215\357}{section.2}% 19
\BOOKMARK [3][-]{subsubsection.2.3.1}{\376\377\116\062\200\124\116\244\155\101\165\065\215\357}{subsection.2.3}% 20
\BOOKMARK [3][-]{subsubsection.2.3.2}{\376\377\136\166\200\124\116\244\155\101\165\065\215\357}{subsection.2.3}% 21
\BOOKMARK [2][-]{subsection.2.4}{\376\377\116\244\155\101\165\065\215\357\166\204\122\237\163\207\124\214\122\237\163\207\126\340\145\160}{section.2}% 22
\BOOKMARK [2][-]{subsection.2.5}{\376\377\165\065\215\357\116\055\166\204\214\020\143\057}{section.2}% 23
\BOOKMARK [1][-]{section.3}{\376\377\117\233\165\065\116\016\165\050\165\065}{}% 24
\BOOKMARK [2][-]{subsection.3.1}{\376\377\116\011\166\370\165\065\156\220}{section.3}% 25
\BOOKMARK [3][-]{subsubsection.3.1.1}{\376\377\116\011\166\370\165\065\156\220\166\204\146\037\137\142\200\124\176\323}{subsection.3.1}% 26
\BOOKMARK [3][-]{subsubsection.3.1.2}{\376\377\116\011\166\370\165\065\156\220\166\204\116\011\211\322\200\124\176\323}{subsection.3.1}% 27
\BOOKMARK [2][-]{subsection.3.2}{\376\377\116\011\166\370\215\037\217\175}{section.3}% 28
\BOOKMARK [2][-]{subsection.3.3}{\376\377\211\346\165\065\226\062\142\244}{section.3}% 29
\BOOKMARK [1][-]{section.4}{\376\377\123\330\123\213\126\150}{}% 30
\BOOKMARK [2][-]{subsection.4.1}{\376\377\170\301\215\357}{section.4}% 31
\BOOKMARK [2][-]{subsection.4.2}{\376\377\165\065\170\301\224\301}{section.4}% 32
\BOOKMARK [3][-]{subsubsection.4.2.1}{\376\377\166\364\155\101\165\065\170\301\224\301}{subsection.4.2}% 33
\BOOKMARK [3][-]{subsubsection.4.2.2}{\376\377\116\244\155\101\165\065\170\301\224\301}{subsection.4.2}% 34
\BOOKMARK [2][-]{subsection.4.3}{\376\377\123\330\123\213\126\150}{section.4}% 35
\BOOKMARK [1][-]{section.5}{\376\377\165\065\122\250\147\072}{}% 36
\BOOKMARK [2][-]{subsection.5.1}{\376\377\116\011\166\370\137\002\153\145\165\065\147\072\166\204\135\345\117\134\123\237\164\006}{section.5}% 37
\BOOKMARK [2][-]{subsection.5.2}{\376\377\116\011\166\370\137\002\153\145\165\065\147\072\166\204\127\372\147\054\176\323\147\204}{section.5}% 38
\BOOKMARK [2][-]{subsection.5.3}{\376\377\116\011\166\370\137\002\153\145\165\065\147\072\166\204\224\355\162\114\145\160\143\156}{section.5}% 39
\BOOKMARK [2][-]{subsection.5.4}{\376\377\116\011\166\370\137\002\153\145\165\065\147\072\166\204\147\072\150\260\162\171\140\047}{section.5}% 40
\BOOKMARK [2][-]{subsection.5.5}{\376\377\116\011\166\370\137\002\153\145\165\065\147\072\166\204\124\057\122\250\145\271\154\325}{section.5}% 41
\BOOKMARK [2][-]{subsection.5.6}{\376\377\116\011\166\370\137\002\153\145\165\065\147\072\166\204\214\003\220\037}{section.5}% 42
\BOOKMARK [1][-]{section.6}{\376\377\165\065\154\024\201\352\122\250\143\247\122\066}{}% 43
